2022-02-28 11:32:28,129 INFO  com.StepDefinitions.Hooks - Entered init method
2022-02-28 11:32:28,127 INFO  com.StepDefinitions.Hooks - Entered init method
2022-02-28 11:32:28,144 INFO  com.StepDefinitions.Hooks - Start time is:1646028148144
2022-02-28 11:32:28,144 INFO  com.StepDefinitions.Hooks - Start time is:1646028148144
2022-02-28 11:32:28,153 INFO  com.StepDefinitions.Hooks - ####################################################################
2022-02-28 11:32:28,153 INFO  com.StepDefinitions.Hooks - ####################################################################
2022-02-28 11:32:28,156 INFO  com.StepDefinitions.Hooks - ###########  START OF SCENARIO : Title of your scenario  ###########
2022-02-28 11:32:28,157 INFO  com.StepDefinitions.Hooks - ###########  START OF SCENARIO : Title of your scenario  ###########
2022-02-28 11:32:28,157 INFO  com.StepDefinitions.Hooks - ####################################################################
2022-02-28 11:32:28,157 INFO  com.StepDefinitions.Hooks - ####################################################################
2022-02-28 11:32:28,483 INFO  com.StepDefinitions.Hooks - #################################################################################
2022-02-28 11:32:28,486 INFO  com.StepDefinitions.Hooks - #################################################################################
2022-02-28 11:32:28,489 INFO  com.StepDefinitions.Hooks - ### END OF SCENARIO : Title of your scenario, Time taken:00:00, Status:Passed ###
2022-02-28 11:32:28,489 INFO  com.StepDefinitions.Hooks - #################################################################################
2022-02-28 11:32:28,490 INFO  com.StepDefinitions.Hooks - ### END OF SCENARIO : Title of your scenario, Time taken:00:00, Status:Passed ###
2022-02-28 11:32:28,490 INFO  com.StepDefinitions.Hooks - #################################################################################
2022-02-28 12:24:44,912 INFO  com.StepDefinitions.Hooks - Entered init method
2022-02-28 12:24:44,914 INFO  com.StepDefinitions.Hooks - Start time is:1646031284907
2022-02-28 12:24:44,918 INFO  com.StepDefinitions.Hooks - ####################################################################
2022-02-28 12:24:44,920 INFO  com.StepDefinitions.Hooks - ###########  START OF SCENARIO : Title of your scenario  ###########
2022-02-28 12:24:44,920 INFO  com.StepDefinitions.Hooks - ####################################################################
2022-02-28 12:24:45,106 INFO  com.StepDefinitions.Hooks - #################################################################################
2022-02-28 12:24:45,109 INFO  com.StepDefinitions.Hooks - ### END OF SCENARIO : Title of your scenario, Time taken:hh:00:00, Status:Passed ###
2022-02-28 12:24:45,109 INFO  com.StepDefinitions.Hooks - #################################################################################
2022-02-28 12:24:45,408 INFO  com.Runner.TestRunner - ### END OF EXECUTION : TestRunner, Time taken:hh:00:00, ###
2022-02-28 12:24:45,408 INFO  com.Runner.TestRunner - ############## Email Phase started #############
2022-02-28 12:25:19,111 INFO  com.StepDefinitions.Hooks - Entered init method
2022-02-28 12:25:19,113 INFO  com.StepDefinitions.Hooks - Start time is:1646031319106
2022-02-28 12:25:19,117 INFO  com.StepDefinitions.Hooks - ####################################################################
2022-02-28 12:25:19,118 INFO  com.StepDefinitions.Hooks - ###########  START OF SCENARIO : Title of your scenario  ###########
2022-02-28 12:25:19,119 INFO  com.StepDefinitions.Hooks - ####################################################################
2022-02-28 12:25:19,289 INFO  com.StepDefinitions.Hooks - #################################################################################
2022-02-28 12:25:19,291 INFO  com.StepDefinitions.Hooks - ### END OF SCENARIO : Title of your scenario, Time taken:hh:00:00, Status:Passed ###
2022-02-28 12:25:19,291 INFO  com.StepDefinitions.Hooks - #################################################################################
2022-02-28 12:25:19,580 INFO  com.Runner.TestRunner - ### END OF EXECUTION : TestRunner, Time taken:00:00:00, ###
2022-02-28 12:25:19,581 INFO  com.Runner.TestRunner - ############## Email Phase started #############
2022-02-28 12:27:39,066 INFO  com.StepDefinitions.Hooks - Entered init method
2022-02-28 12:27:39,068 INFO  com.StepDefinitions.Hooks - Start time is:1646031459062
2022-02-28 12:27:39,072 INFO  com.StepDefinitions.Hooks - ####################################################################
2022-02-28 12:27:39,074 INFO  com.StepDefinitions.Hooks - ###########  START OF SCENARIO : Title of your scenario  ###########
2022-02-28 12:27:39,074 INFO  com.StepDefinitions.Hooks - ####################################################################
2022-02-28 12:27:49,246 INFO  com.StepDefinitions.Hooks - #################################################################################
2022-02-28 12:27:49,249 INFO  com.StepDefinitions.Hooks - ### END OF SCENARIO : Title of your scenario, Time taken:00:00:00, Status:Passed ###
2022-02-28 12:27:49,249 INFO  com.StepDefinitions.Hooks - #################################################################################
2022-02-28 12:27:49,495 INFO  com.Runner.TestRunner - ### END OF EXECUTION : TestRunner, Time taken:00:00:00, ###
2022-02-28 12:27:49,495 INFO  com.Runner.TestRunner - ############## Email Phase started #############
2022-02-28 12:30:31,385 INFO  com.StepDefinitions.Hooks - Entered init method
2022-02-28 12:30:31,386 INFO  com.StepDefinitions.Hooks - Start time is:1646031631380
2022-02-28 12:30:31,391 INFO  com.StepDefinitions.Hooks - ####################################################################
2022-02-28 12:30:31,393 INFO  com.StepDefinitions.Hooks - ###########  START OF SCENARIO : Title of your scenario  ###########
2022-02-28 12:30:31,393 INFO  com.StepDefinitions.Hooks - ####################################################################
2022-02-28 12:30:41,598 INFO  com.StepDefinitions.Hooks - #################################################################################
2022-02-28 12:30:41,601 INFO  com.StepDefinitions.Hooks - ### END OF SCENARIO : Title of your scenario, Time taken:00:00:10, Status:Passed ###
2022-02-28 12:30:41,601 INFO  com.StepDefinitions.Hooks - #################################################################################
2022-02-28 12:30:41,857 INFO  com.Runner.TestRunner - ### END OF EXECUTION : TestRunner, Time taken:00:00:10, ###
2022-02-28 12:30:41,858 INFO  com.Runner.TestRunner - ############## Email Phase started #############
